<?xml version="1.0" encoding="UTF-8"?>
<!-- Generated by org.testng.reporters.JUnitReportReporter -->
<testsuite hostname="DESKTOP-PD8BRD3" failures="0" tests="1" name="tests.Exercise1" time="2.333" errors="0" timestamp="20 Jan 2021 21:23:45 GMT" skipped="0">
  <testcase classname="tests.Exercise1" name="validateHomePage" time="2.333"/>
</testsuite> <!-- tests.Exercise1 -->
