<?xml version="1.0" encoding="UTF-8"?>
<!-- Generated by org.testng.reporters.JUnitReportReporter -->
<testsuite hostname="DESKTOP-PD8BRD3" failures="0" tests="1" name="tests.validateNavigationBar" time="0.000" errors="0" timestamp="04 Jul 2020 01:24:37 GMT" skipped="1">
  <testcase classname="tests.validateNavigationBar" name="validateAppNavBar" time="0.000">
    <skipped/>
  </testcase> <!-- validateAppNavBar -->
</testsuite> <!-- tests.validateNavigationBar -->
