<?xml version="1.0" encoding="UTF-8"?>
<!-- Generated by org.testng.reporters.JUnitReportReporter -->
<testsuite hostname="DESKTOP-PD8BRD3" failures="0" tests="1" name="tests.AutoSuggest" time="7.267" errors="0" timestamp="13 Jul 2020 02:23:30 GMT" skipped="0">
  <testcase classname="tests.AutoSuggest" name="selectValues" time="7.267"/>
</testsuite> <!-- tests.AutoSuggest -->
