<?xml version="1.0" encoding="UTF-8"?>
<!-- Generated by org.testng.reporters.JUnitReportReporter -->
<testsuite hostname="DESKTOP-PD8BRD3" failures="0" tests="1" name="tests.Autosuggest2" time="12.586" errors="0" timestamp="18 Jul 2020 04:42:27 GMT" skipped="0">
  <testcase classname="tests.Autosuggest2" name="selectCountries" time="12.586"/>
</testsuite> <!-- tests.Autosuggest2 -->
