<?xml version="1.0" encoding="UTF-8"?>
<!-- Generated by org.testng.reporters.JUnitReportReporter -->
<testsuite hostname="DESKTOP-PD8BRD3" failures="0" tests="1" name="Academy.validateNavigationBar" time="0.056" errors="0" timestamp="26 Apr 2020 02:50:24 GMT" skipped="0">
  <testcase classname="Academy.validateNavigationBar" name="validateAppNavBar" time="0.056"/>
</testsuite> <!-- Academy.validateNavigationBar -->
